Log file open, 09/12/23 13:56:18
LogWindows: Failed to load 'aqProf.dll' (GetLastError=126)
LogWindows: File 'aqProf.dll' does not exist
LogWindows: Failed to load 'VSPerf140.dll' (GetLastError=126)
LogWindows: File 'VSPerf140.dll' does not exist
LogWindows: Failed to load 'VtuneApi.dll' (GetLastError=126)
LogWindows: File 'VtuneApi.dll' does not exist
LogWindows: Failed to load 'VtuneApi32e.dll' (GetLastError=126)
LogWindows: File 'VtuneApi32e.dll' does not exist
LogInit: Display: Running engine for game: HeadshotProject
LogPlatformFile: Not using cached read wrapper
LogInit: Display: RandInit(-305063720) SRandInit(-305063720).
LogTaskGraph: Started task graph with 5 named threads and 14 total threads with 3 sets of task threads.
LogStats: Stats thread started at 0.374489
LogD3D11RHI: Aftermath initialized
LogPluginManager: Mounting plugin Paper2D
LogPluginManager: Mounting plugin LightPropagationVolume
LogPluginManager: Mounting plugin CodeLiteSourceCodeAccess
LogPluginManager: Mounting plugin GitSourceControl
LogPluginManager: Mounting plugin KDevelopSourceCodeAccess
LogPluginManager: Mounting plugin NullSourceCodeAccess
LogPluginManager: Mounting plugin PerforceSourceControl
LogPluginManager: Mounting plugin SubversionSourceControl
LogPluginManager: Mounting plugin UObjectPlugin
LogPluginManager: Mounting plugin VisualStudioSourceCodeAccess
LogPluginManager: Mounting plugin XCodeSourceCodeAccess
LogPluginManager: Mounting plugin AssetManagerEditor
LogPluginManager: Mounting plugin AudioCapture
LogPluginManager: Mounting plugin FacialAnimation
LogPluginManager: Mounting plugin GameplayTagsEditor
LogPluginManager: Mounting plugin MobileLauncherProfileWizard
LogPluginManager: Mounting plugin PluginBrowser
LogPluginManager: Mounting plugin SpeedTreeImporter
LogPluginManager: Mounting plugin AlembicImporter
LogPluginManager: Mounting plugin CharacterAI
LogPluginManager: Mounting plugin HTML5Networking
LogPluginManager: Mounting plugin AndroidMedia
LogPluginManager: Mounting plugin AvfMedia
LogPluginManager: Mounting plugin MediaPlayerEditor
LogPluginManager: Mounting plugin WmfMedia
LogPluginManager: Mounting plugin TcpMessaging
LogPluginManager: Mounting plugin UdpMessaging
LogPluginManager: Mounting plugin LevelSequenceEditor
LogPluginManager: Mounting plugin MatineeToLevelSequence
LogPluginManager: Mounting plugin OnlineSubsystemGooglePlay
LogPluginManager: Mounting plugin OnlineSubsystemIOS
LogPluginManager: Mounting plugin OnlineSubsystem
LogPluginManager: Mounting plugin OnlineSubsystemNull
LogPluginManager: Mounting plugin OnlineSubsystemUtils
LogPluginManager: Mounting plugin AndroidDeviceProfileSelector
LogPluginManager: Mounting plugin AndroidMoviePlayer
LogPluginManager: Mounting plugin AndroidPermission
LogPluginManager: Mounting plugin AppleMoviePlayer
LogPluginManager: Mounting plugin ArchVisCharacter
LogPluginManager: Mounting plugin CableComponent
LogPluginManager: Mounting plugin CustomMeshComponent
LogPluginManager: Mounting plugin ExampleDeviceProfileSelector
LogPluginManager: Mounting plugin GoogleCloudMessaging
LogPluginManager: Mounting plugin ImmediatePhysics
LogPluginManager: Mounting plugin IOSDeviceProfileSelector
LogPluginManager: Mounting plugin LinuxDeviceProfileSelector
LogPluginManager: Mounting plugin LocationServicesBPLibrary
LogPluginManager: Mounting plugin MobilePatchingUtils
LogPluginManager: Mounting plugin OculusVR
LogPluginManager: Mounting plugin PhysXVehicles
LogPluginManager: Mounting plugin ProceduralMeshComponent
LogPluginManager: Mounting plugin RuntimePhysXCooking
LogPluginManager: Mounting plugin SteamVR
LogPluginManager: Mounting plugin WindowsMoviePlayer
LogInit: Using libcurl 7.47.1
LogInit:  - built for x86_64-pc-win32
LogInit:  - supports SSL with OpenSSL/1.0.2g
LogInit:  - supports HTTP deflate (compression) using libz 1.2.8
LogInit:  - other features:
LogInit:      CURL_VERSION_SSL
LogInit:      CURL_VERSION_LIBZ
LogInit:      CURL_VERSION_IPV6
LogInit:      CURL_VERSION_ASYNCHDNS
LogInit:      CURL_VERSION_LARGEFILE
LogInit:      CURL_VERSION_IDN
LogInit:  CurlRequestOptions (configurable via config and command line):
LogInit:  - bVerifyPeer = false  - Libcurl will NOT verify peer certificate
LogInit:  - bUseHttpProxy = false  - Libcurl will NOT use HTTP proxy
LogInit:  - bDontReuseConnections = false  - Libcurl will reuse connections
LogInit:  - CertBundlePath = nullptr  - Libcurl will use whatever was configured at build time.
LogInit: Build: ++UE4+Release-4.17-CL-3658906
LogInit: Engine Version: 4.17.2-3658906+++UE4+Release-4.17
LogInit: Compatible Engine Version: 4.17.0-3573198+++UE4+Release-4.17
LogInit: Net CL: 3573198
LogDevObjectVersion: Number of dev versions registered: 16
LogDevObjectVersion:   Dev-Blueprints (B0D832E4-1F89-4F0D-ACCF-7EB736FD4AA2): 10
LogDevObjectVersion:   Dev-Build (E1C64328-A22C-4D53-A36C-8E866417BD8C): 0
LogDevObjectVersion:   Dev-Core (375EC13C-06E4-48FB-B500-84F0262A717E): 2
LogDevObjectVersion:   Dev-Editor (E4B068ED-F494-42E9-A231-DA0B2E46BB41): 20
LogDevObjectVersion:   Dev-Framework (CFFC743F-43B0-4480-9391-14DF171D2073): 28
LogDevObjectVersion:   Dev-Mobile (B02B49B5-BB20-44E9-A304-32B752E40360): 0
LogDevObjectVersion:   Dev-Networking (A4E4105C-59A1-49B5-A7C5-40C4547EDFEE): 0
LogDevObjectVersion:   Dev-Online (39C831C9-5AE6-47DC-9A44-9C173E1C8E7C): 0
LogDevObjectVersion:   Dev-Physics (78F01B33-EBEA-4F98-B9B4-84EACCB95AA2): 0
LogDevObjectVersion:   Dev-Platform (6631380F-2D4D-43E0-8009-CF276956A95A): 0
LogDevObjectVersion:   Dev-Rendering (12F88B9F-8875-4AFC-A67C-D90C383ABD29): 19
LogDevObjectVersion:   Dev-Sequencer (7B5AE74C-D270-4C10-A958-57980B212A5A): 4
LogDevObjectVersion:   Dev-VR (D7296918-1DD6-4BDD-9DE2-64A83CC13884): 0
LogDevObjectVersion:   Dev-LoadTimes (C2A15278-BFE7-4AFE-6C17-90FF531DF755): 1
LogDevObjectVersion:   Private-Geometry (6EACA3D4-40EC-4CC1-B786-8BED09428FC5): 1
LogDevObjectVersion:   Dev-AnimPhys (29E575DD-E0A3-4627-9D10-D276232CDCEA): 7
LogInit: Compiled (64-bit): Sep 22 2017 13:47:16
LogInit: Compiled with Visual C++: 19.00.24215.01
LogInit: Build Configuration: Development
LogInit: Branch Name: ++UE4+Release-4.17
LogInit: Command line:  
LogInit: Base directory: C:/Program Files/Epic Games/UE_4.17/Engine/Binaries/Win64/
LogInit: Installed Engine Build: 1
LogInit: Presizing for max 8388607 objects, including 0 objects not considered by GC, pre-allocating 0 bytes for permanent pool.
LogInit: Object subsystem initialized
[2023.09.12-20.56.20:407][  0]LogInit: Selected Device Profile: [Windows]
[2023.09.12-20.56.20:408][  0]LogInit: Applying CVar settings loaded from the selected device profile: [Windows]
[2023.09.12-20.56.20:429][  0]LogInit: Computer: DESKTOP-FPA312V
[2023.09.12-20.56.20:429][  0]LogInit: User: Denis
[2023.09.12-20.56.20:429][  0]LogInit: CPU Page size=4096, Cores=4
[2023.09.12-20.56.20:429][  0]LogInit: High frequency timer resolution =10.000000 MHz
[2023.09.12-20.56.20:429][  0]LogMemory: Memory total: Physical=7.8GB (8GB approx)
[2023.09.12-20.56.20:429][  0]LogMemory: Platform Memory Stats for Windows
[2023.09.12-20.56.20:429][  0]LogMemory: Process Physical Memory: 279.43 MB used, 279.44 MB peak
[2023.09.12-20.56.20:429][  0]LogMemory: Process Virtual Memory: 274.26 MB used, 274.26 MB peak
[2023.09.12-20.56.20:429][  0]LogMemory: Physical Memory: 4271.86 MB used,  3743.11 MB free, 8014.97 MB total
[2023.09.12-20.56.20:429][  0]LogMemory: Virtual Memory: 4787.93 MB used,  3743.11 MB free, 134217728.00 MB total
[2023.09.12-20.56.20:961][  0]LogInit: Using OS detected language (en-US).
[2023.09.12-20.56.20:961][  0]LogInit: Using OS detected locale (en-US).
[2023.09.12-20.56.20:979][  0]LogTextLocalizationManager: No specific localization for 'en-US' exists, so the 'en' localization will be used.
[2023.09.12-20.56.22:471][  0]LogD3D11RHI: D3D11 adapters:
[2023.09.12-20.56.22:720][  0]LogD3D11RHI:    0. 'Intel(R) UHD Graphics 605' (Feature Level 11_0)
[2023.09.12-20.56.22:721][  0]LogD3D11RHI:       128/0/4007 MB DedicatedVideo/DedicatedSystem/SharedSystem, Outputs:1, VendorId:0x8086
[2023.09.12-20.56.22:728][  0]LogD3D11RHI:    1. 'Microsoft Basic Render Driver' (Feature Level 11_0)
[2023.09.12-20.56.22:728][  0]LogD3D11RHI:       0/0/4007 MB DedicatedVideo/DedicatedSystem/SharedSystem, Outputs:0, VendorId:0x1414
[2023.09.12-20.56.22:728][  0]LogD3D11RHI: Chosen D3D11 Adapter: 0
[2023.09.12-20.56.22:741][  0]LogD3D11RHI: Creating new Direct3DDevice
[2023.09.12-20.56.22:742][  0]LogD3D11RHI:     GPU DeviceId: 0x3184 (for the marketing name, search the web for "GPU Device Id")
[2023.09.12-20.56.22:742][  0]LogWindows: EnumDisplayDevices:
[2023.09.12-20.56.22:742][  0]LogWindows:    0. 'Intel(R) UHD Graphics 605' (P:1 D:1)
[2023.09.12-20.56.22:742][  0]LogWindows:    1. 'Intel(R) UHD Graphics 605' (P:0 D:0)
[2023.09.12-20.56.22:743][  0]LogWindows:    2. 'Intel(R) UHD Graphics 605' (P:0 D:0)
[2023.09.12-20.56.22:743][  0]LogWindows: DebugString: GetVideoDriverDetailsInvalid PrimaryIsNotTheChoosenAdapter GetVideoDriverDetailsInvalid PrimaryIsNotTheChoosenAdapter GetVideoDriverDetailsInvalid PrimaryIsNotTheChoosenAdapter FoundDriverCount:0 
[2023.09.12-20.56.22:743][  0]LogD3D11RHI:     Adapter Name: Intel(R) UHD Graphics 605
[2023.09.12-20.56.22:743][  0]LogD3D11RHI:   Driver Version: Unknown (internal:Unknown, unified:Unknown)
[2023.09.12-20.56.22:743][  0]LogD3D11RHI:      Driver Date: Unknown
[2023.09.12-20.56.22:743][  0]LogRHI: Texture pool is 1361 MB (70% of 1945 MB)
[2023.09.12-20.56.22:917][  0]LogD3D11RHI: Async texture creation enabled
[2023.09.12-20.56.22:933][  0]LogD3D11RHI: GPU Timing Frequency: 19.200123 (Debug: 2 0)
[2023.09.12-20.56.22:935][  0]LogShaderCompilers: Guid format shader working directory is -26 characters bigger than the processId version (../../../../../../Users/Denis/Documents/Unreal Projects/HeadshotProject/Intermediate/Shaders/WorkingDirectory/10040/).
[2023.09.12-20.56.22:935][  0]LogShaderCompilers: Cleaned the shader compiler working directory 'C:/Users/Denis/AppData/Local/Temp/UnrealShaderWorkingDir/676D31634EB127829727ABB82DD2404E/'.
[2023.09.12-20.56.22:935][  0]LogShaderCompilers: Display: Using Local Shader Compiler.
[2023.09.12-20.56.25:194][  0]LogTemp: Display: Loaded TP AllDesktopTargetPlatform
[2023.09.12-20.56.25:327][  0]LogTemp: Display: Loaded TP MacClientTargetPlatform
[2023.09.12-20.56.25:460][  0]LogTemp: Display: Loaded TP MacNoEditorTargetPlatform
[2023.09.12-20.56.25:593][  0]LogTemp: Display: Loaded TP MacServerTargetPlatform
[2023.09.12-20.56.25:729][  0]LogTemp: Display: Loaded TP MacTargetPlatform
[2023.09.12-20.56.25:862][  0]LogTemp: Display: Loaded TP WindowsClientTargetPlatform
[2023.09.12-20.56.25:998][  0]LogTemp: Display: Loaded TP WindowsNoEditorTargetPlatform
[2023.09.12-20.56.26:131][  0]LogTemp: Display: Loaded TP WindowsServerTargetPlatform
[2023.09.12-20.56.26:250][  0]LogTemp: Display: Loaded TP WindowsTargetPlatform
[2023.09.12-20.56.26:384][  0]LogTemp: Display: Loaded TP AndroidTargetPlatform
[2023.09.12-20.56.26:519][  0]LogTemp: Display: Loaded TP Android_ASTCTargetPlatform
[2023.09.12-20.56.26:650][  0]LogTemp: Display: Loaded TP Android_ATCTargetPlatform
[2023.09.12-20.56.26:782][  0]LogTemp: Display: Loaded TP Android_DXTTargetPlatform
[2023.09.12-20.56.26:916][  0]LogTemp: Display: Loaded TP Android_ETC1TargetPlatform
[2023.09.12-20.56.27:052][  0]LogTemp: Display: Loaded TP Android_ETC2TargetPlatform
[2023.09.12-20.56.27:313][  0]LogTemp: Display: Loaded TP Android_MultiTargetPlatform
[2023.09.12-20.56.27:313][  0]LogTemp: Display: Loaded TP Android_PVRTCTargetPlatform
[2023.09.12-20.56.27:423][  0]LogTemp: Display: Loaded TP HTML5TargetPlatform
[2023.09.12-20.56.27:649][  0]LogTemp: Display: Loaded TP IOSTargetPlatform
[2023.09.12-20.56.27:734][  0]LogTemp: Display: Loaded TP TVOSTargetPlatform
[2023.09.12-20.56.27:865][  0]LogTemp: Display: Loaded TP LinuxClientTargetPlatform
[2023.09.12-20.56.27:996][  0]LogTemp: Display: Loaded TP LinuxNoEditorTargetPlatform
[2023.09.12-20.56.28:131][  0]LogTemp: Display: Loaded TP LinuxServerTargetPlatform
[2023.09.12-20.56.28:264][  0]LogTemp: Display: Loaded TP LinuxTargetPlatform
[2023.09.12-20.56.28:264][  0]LogTargetPlatformManager: Display: Building Assets For Windows
[2023.09.12-20.56.29:734][  0]LogDerivedDataCache: Display: Max Cache Size: 512 MB
[2023.09.12-20.56.30:396][  0]LogDerivedDataCache: Loaded boot cache 0.66s 93MB C:/Users/Denis/AppData/Local/UnrealEngine/4.17/DerivedDataCache/Boot.ddc.
[2023.09.12-20.56.30:396][  0]LogDerivedDataCache: Display: Loaded Boot cache: C:/Users/Denis/AppData/Local/UnrealEngine/4.17/DerivedDataCache/Boot.ddc
[2023.09.12-20.56.30:396][  0]LogDerivedDataCache: FDerivedDataBackendGraph:  Pak pak cache file ../../../../../../Users/Denis/Documents/Unreal Projects/HeadshotProject/DerivedDataCache/DDC.ddp not found, will not use a pak cache.
[2023.09.12-20.56.30:396][  0]LogDerivedDataCache: Unable to find inner node Pak for hierarchical cache Hierarchy.
[2023.09.12-20.56.30:396][  0]LogDerivedDataCache: FDerivedDataBackendGraph:  CompressedPak pak cache file ../../../../../../Users/Denis/Documents/Unreal Projects/HeadshotProject/DerivedDataCache/Compressed.ddp not found, will not use a pak cache.
[2023.09.12-20.56.30:396][  0]LogDerivedDataCache: Unable to find inner node CompressedPak for hierarchical cache Hierarchy.
[2023.09.12-20.56.30:429][  0]LogDerivedDataCache: Display: Pak cache opened for reading ../../../Engine/DerivedDataCache/Compressed.ddp.
[2023.09.12-20.56.30:443][  0]LogDerivedDataCache: Using Local data cache path C:/Users/Denis/AppData/Local/UnrealEngine/Common/DerivedDataCache: Writable
[2023.09.12-20.56.30:465][  0]LogMaterial: Verifying Global Shaders for PCD3D_SM5
[2023.09.12-20.56.30:466][  0]LogSlate: Using Freetype 2.6.0
[2023.09.12-20.56.30:472][  0]LogSlate: SlateFontCache - WITH_FREETYPE: 1, WITH_HARFBUZZ: 1
[2023.09.12-20.56.30:472][  0]LogSlate: SlateFontCache - WITH_FREETYPE: 1, WITH_HARFBUZZ: 1
[2023.09.12-20.56.31:723][  0]LogAssetRegistry: FAssetRegistry took 0.0315 seconds to start up
[2023.09.12-20.56.31:992][  0]LogInit: Selected Device Profile: [Windows]
[2023.09.12-20.56.32:995][  0]LogSimplygon: Simplygon DLL not present - disabling.
[2023.09.12-20.56.33:110][  0]LogMeshReduction: Using SimplygonSwarm for distributed automatic mesh merging
[2023.09.12-20.56.33:110][  0]LogMeshReduction: Using QuadricMeshReduction for automatic static mesh reduction
[2023.09.12-20.56.33:110][  0]LogMeshReduction: No automatic skeletal mesh reduction module available
[2023.09.12-20.56.33:110][  0]LogMeshReduction: No automatic mesh merging module available
[2023.09.12-20.56.33:110][  0]LogMeshMerging: No automatic mesh merging module available
[2023.09.12-20.56.33:114][  0]LogContentStreaming: Texture pool size is 0.00 MB
[2023.09.12-20.56.34:020][  0]LogNetVersion: HeadshotProject , NetCL: 3573198, EngineNetVer: 2, GameNetVer: 0 (Checksum: 2358636847)
[2023.09.12-20.56.34:520][  0]LogPackageLocalizationCache: Processed 5 localized package path(s) for 2 prioritized culture(s) in 0.104739 seconds
[2023.09.12-20.56.34:535][  0]LogUObjectArray: 35825 objects as part of root set at end of initial load.
[2023.09.12-20.56.34:535][  0]LogUObjectAllocator: 7529112 out of 0 bytes used by permanent object pool.
[2023.09.12-20.56.34:535][  0]LogUObjectArray: CloseDisregardForGC: 0/0 objects in disregard for GC pool
[2023.09.12-20.56.34:723][  0]LogInit: WinSock: version 1.1 (2.2), MaxSocks=32767, MaxUdp=65467
[2023.09.12-20.56.42:601][  0]LogTcpMessaging: Initializing TcpMessaging bridge
[2023.09.12-20.56.42:699][  0]LogUdpMessaging: Initializing bridge on interface 0.0.0.0:0 to multicast group 230.0.0.1:6666.
[2023.09.12-20.56.44:479][  0]LogMaterial: Uniform references updated for custom material expression Custom.
[2023.09.12-20.56.45:490][  0]SourceControl: Source control is disabled
[2023.09.12-20.56.45:490][  0]SourceControl: Source control is disabled
[2023.09.12-20.56.45:623][  0]SourceControl: Source control is disabled
[2023.09.12-20.56.45:751][  0]SourceControl: Source control is disabled
[2023.09.12-20.56.47:373][  0]LogAndroidPermission: UAndroidPermissionCallbackProxy::GetInstance
[2023.09.12-20.56.48:018][  0]LogOcInput: OculusInput pre-init called
[2023.09.12-20.56.48:676][  0]LogEngine: Initializing Engine...
[2023.09.12-20.56.48:682][  0]LogHMD: Failed to initialize OpenVR with code 110
[2023.09.12-20.56.49:096][  0]LogStats: UGameplayTagsManager::ConstructGameplayTagTree: Construct from data asset -  0.000 s
[2023.09.12-20.56.49:097][  0]LogStats: UGameplayTagsManager::ConstructGameplayTagTree: GameplayTagTreeChangedEvent.Broadcast -  0.000 s
[2023.09.12-20.56.49:456][  0]LogAIModule: Creating AISystem for world Untitled
[2023.09.12-20.56.49:482][  0]LogInit: XAudio2 using 'Speakers (Realtek High Definition Audio)' : 2 channels at 48 kHz using 32 bits per sample (channel mask 0x3)
[2023.09.12-20.56.49:632][  0]LogInit: FAudioDevice initialized.
[2023.09.12-20.56.49:755][  0]LogDerivedDataCache: Saved boot cache 0.12s 93MB C:/Users/Denis/AppData/Local/UnrealEngine/4.17/DerivedDataCache/Boot.ddc.
[2023.09.12-20.56.49:783][  0]LogInit: Texture streaming: Enabled
[2023.09.12-20.56.50:130][  0]LogEngineSessionManager: EngineSessionManager initialized
[2023.09.12-20.56.50:743][  0]LogInit: Transaction tracking system initialized
[2023.09.12-20.56.51:595][  0]BlueprintLog: New page: Editor Load
[2023.09.12-20.56.54:174][  0]LocalizationService: Localization service is disabled
[2023.09.12-20.56.56:503][  0]LogConsoleResponse: Display: 
[2023.09.12-20.56.56:891][  0]LogCook: Display: Max memory allowance for cook 16384mb min free memory 0mb
[2023.09.12-20.56.56:891][  0]LogCook: Display: Mobile HDR setting 1
[2023.09.12-20.56.56:892][  0]LogGameplayTags: Display: UGameplayTagsManager::DoneAddingNativeTags. DelegateIsBound: 0
[2023.09.12-20.56.57:772][  0]LogFileCache: Scanning file cache for directory 'C:/Users/Denis/Documents/Unreal Projects/HeadshotProject/Content/' took 0.02s
[2023.09.12-20.56.59:810][  0]SourceControl: Source control is disabled
[2023.09.12-20.56.59:811][  0]Cmd: MAP LOAD FILE="../../../../../../Users/Denis/Documents/Unreal Projects/HeadshotProject/Content/Maps/GymMap.umap" TEMPLATE=0 SHOWPROGRESS=1 FEATURELEVEL=3
[2023.09.12-20.56.59:814][  0]LightingResults: New page: Lighting Build
[2023.09.12-20.56.59:925][  0]MapCheck: New page: Map Check
[2023.09.12-20.56.59:925][  0]LightingResults: New page: Lighting Build
[2023.09.12-20.57.01:339][  0]LogAIModule: Creating AISystem for world GymMap
[2023.09.12-20.57.01:600][  0]LogEditorServer: Finished looking for orphan Actors (0.000 secs)
[2023.09.12-20.57.01:641][  0]Cmd: MAP CHECKDEP NOCLEARLOG
[2023.09.12-20.57.01:769][  0]MapCheck: Map check complete: 0 Error(s), 0 Warning(s), took 127.71ms to complete.
[2023.09.12-20.57.01:769][  0]LogFileHelpers: Loading map 'GymMap' took 1.958
[2023.09.12-20.57.02:049][  0]LogCollectionManager: Loaded 0 collections in 0.002879 seconds
[2023.09.12-20.57.02:208][  0]LogFileCache: Scanning file cache for directory 'C:/Users/Denis/Documents/Unreal Projects/HeadshotProject/Saved/Collections/' took 0.01s
[2023.09.12-20.57.02:208][  0]LogFileCache: Scanning file cache for directory 'C:/Users/Denis/Documents/Unreal Projects/HeadshotProject/Content/Developers/Denis/Collections/' took 0.01s
[2023.09.12-20.57.02:208][  0]LogFileCache: Scanning file cache for directory 'C:/Users/Denis/Documents/Unreal Projects/HeadshotProject/Content/Collections/' took 0.01s
[2023.09.12-20.57.02:208][  0]LogCollectionManager: Rebuilt the GUID cache for 0 collections in 0.000001 seconds
[2023.09.12-20.57.02:247][  0]LogContentBrowser: Native class hierarchy populated in 0.0384 seconds. Added 2407 classes and 511 folders.
[2023.09.12-20.57.02:447][  0]LogContentBrowser: Native class hierarchy updated for 'WidgetCarousel' in 0.0199 seconds. Added 0 classes and 0 folders.
[2023.09.12-20.57.02:728][  0]LogContentBrowser: Native class hierarchy updated for 'AddContentDialog' in 0.0204 seconds. Added 0 classes and 0 folders.
[2023.09.12-20.57.02:869][  0]LogContentBrowser: Native class hierarchy updated for 'SceneOutliner' in 0.0202 seconds. Added 1 classes and 2 folders.
[2023.09.12-20.57.03:029][  0]LogSlate: Took 0.003266 seconds to synchronously load lazily loaded font '../../../Engine/Content/Slate/Fonts/Roboto-Regular.ttf' (155K)
[2023.09.12-20.57.03:036][  0]LogSlate: Took 0.004008 seconds to synchronously load lazily loaded font '../../../Engine/Content/Slate/Fonts/Roboto-Bold.ttf' (160K)
[2023.09.12-20.57.03:049][  0]LogSlate: Took 0.002798 seconds to synchronously load lazily loaded font '../../../Engine/Content/Editor/Slate/Fonts/FontAwesome.ttf' (139K)
[2023.09.12-20.57.03:266][  0]LogRenderer: Reallocating scene render targets to support 864x412 Format 9 NumSamples 1 (Frame:1).
[2023.09.12-20.57.03:404][  0]LogSlate: Took 0.004072 seconds to synchronously load lazily loaded font '../../../Engine/Content/Slate/Fonts/Roboto-Light.ttf' (159K)
[2023.09.12-20.57.03:678][  0]LogContentBrowser: Native class hierarchy updated for 'HierarchicalLODOutliner' in 0.0198 seconds. Added 1 classes and 2 folders.
[2023.09.12-20.57.03:679][  0]LogLoad: (Engine Initialization) Total time: 47.95 seconds
[2023.09.12-20.57.03:679][  0]LogLoad: (Engine Initialization) Total Blueprint compile time: 0.00 seconds
[2023.09.12-20.57.03:679][  0]LogExternalProfiler: No external profilers were discovered.  External profiling features will not be available.
[2023.09.12-20.57.04:055][  0]LogContentStreaming: Texture pool size now 400 MB
[2023.09.12-20.57.04:699][  2]LogAssetRegistry: Asset discovery search completed in 32.9981 seconds
[2023.09.12-20.57.04:703][  2]LogCollectionManager: Rebuilt the object cache for 0 collections in 0.000002 seconds (found 0 objects)
[2023.09.12-20.57.04:704][  2]LogCollectionManager: Fixed up redirectors for 0 collections in 0.000311 seconds (updated 0 objects)
[2023.09.12-20.57.09:248][ 25]LogSlate: Took 0.000371 seconds to synchronously load lazily loaded font '../../../Engine/Content/Slate/Fonts/Roboto-Light.ttf' (159K)
[2023.09.12-20.57.17:182][147]LogVSAccessor: Warning: Couldn't goto line number '0' in 'C:/Users/Denis/Documents/Unreal Projects/HeadshotProject/Source/HeadshotProject/Public/HPGameModeBase.h'
[2023.09.12-20.57.17:600][147]LogVSAccessor: Warning: Couldn't goto line number '0' in 'C:/Users/Denis/Documents/Unreal Projects/HeadshotProject/Source/HeadshotProject/Private/HPGameModeBase.cpp'
[2023.09.12-21.01.16:524][877]LogHotReload: New module detected: UE4Editor-HeadshotProject-6383.dll
[2023.09.12-21.01.18:211][883]LogHotReload: Starting Hot-Reload from IDE
[2023.09.12-21.01.18:552][883]LogClass: Could not find existing class HPWeaponFXComponent in package /Script/HeadshotProject for HotReload, assuming new class
[2023.09.12-21.01.18:553][883]LogClass: WeaponData HotReload.
[2023.09.12-21.01.18:553][883]LogClass: WeaponUIData HotReload.
[2023.09.12-21.01.18:553][883]LogClass: AmmoData HotReload.
[2023.09.12-21.01.18:621][883]LogHotReload: Re-instancing HPProjectile after hot-reload.
[2023.09.12-21.01.18:763][883]LogHotReload: Re-instancing HPRifleWeapon after hot-reload.
[2023.09.12-21.01.18:894][883]LogHotReload: Re-instancing HPWeaponFXComponent after hot-reload.
[2023.09.12-21.01.19:022][883]LogContentBrowser: Native class hierarchy updated for 'HeadshotProject' in 0.0223 seconds. Added 21 classes and 11 folders.
[2023.09.12-21.01.19:027][883]Display: HotReload successful (12 functions remapped  3 scriptstructs remapped)
[2023.09.12-21.01.19:157][883]LogContentBrowser: Native class hierarchy populated in 0.0389 seconds. Added 2409 classes and 515 folders.
[2023.09.12-21.01.19:193][883]Display: HotReload took  1.0s.
[2023.09.12-21.01.28:217][ 23]LogSlate: Took 0.000309 seconds to synchronously load lazily loaded font '../../../Engine/Content/Slate/Fonts/Roboto-Regular.ttf' (155K)
[2023.09.12-21.01.28:598][ 23]LogContentBrowser: Native class hierarchy updated for 'BlueprintGraph' in 0.0238 seconds. Added 113 classes and 0 folders.
[2023.09.12-21.01.37:792][155]LogSlate: Took 0.004064 seconds to synchronously load lazily loaded font '../../../Engine/Content/Slate/Fonts/Roboto-Light.ttf' (159K)
[2023.09.12-21.02.17:587][484]BlueprintLog: New page: Compile BP_HPRifleWeapon
[2023.09.12-21.02.18:557][484]Cmd: OBJ SAVEPACKAGE PACKAGE="/Game/Weapon/BP_HPRifleWeapon" FILE="../../../../../../Users/Denis/Documents/Unreal Projects/HeadshotProject/Content/Weapon/BP_HPRifleWeapon.uasset" SILENT=true
[2023.09.12-21.02.18:743][484]LogSavePackage: Save=64.14ms
[2023.09.12-21.02.18:743][484]LogSavePackage: Moving '../../../../../../Users/Denis/Documents/Unreal Projects/HeadshotProject/Saved/BP_HPRifleWeaponF75E12C440135D6103BA93B5EB4D1E9D.tmp' to '../../../../../../Users/Denis/Documents/Unreal Projects/HeadshotProject/Content/Weapon/BP_HPRifleWeapon.uasset'
[2023.09.12-21.02.18:751][484]LogSavePackage: Display: Finished SavePackage ../../../../../../Users/Denis/Documents/Unreal Projects/HeadshotProject/Content/Weapon/BP_HPRifleWeapon.uasset
[2023.09.12-21.02.22:004][534]LogSlate: Took 0.002424 seconds to synchronously load lazily loaded font '../../../Engine/Content/Editor/Slate/Fonts/Roboto-BoldCondensed.ttf' (158K)
[2023.09.12-21.02.25:746][611]LogSlate: Took 0.002979 seconds to synchronously load lazily loaded font '../../../Engine/Content/Editor/Slate/Fonts/Roboto-Italic.ttf' (157K)
[2023.09.12-21.02.34:492][845]BlueprintLog: New page: Compile BP_HPProjectile
[2023.09.12-21.02.35:276][845]Cmd: OBJ SAVEPACKAGE PACKAGE="/Game/Weapon/BP_HPProjectile" FILE="../../../../../../Users/Denis/Documents/Unreal Projects/HeadshotProject/Content/Weapon/BP_HPProjectile.uasset" SILENT=true
[2023.09.12-21.02.35:386][845]LogSavePackage: Save=46.08ms
[2023.09.12-21.02.35:386][845]LogSavePackage: Moving '../../../../../../Users/Denis/Documents/Unreal Projects/HeadshotProject/Saved/BP_HPProjectile6A0D21CB40A123CBA8AFA8B034CCB506.tmp' to '../../../../../../Users/Denis/Documents/Unreal Projects/HeadshotProject/Content/Weapon/BP_HPProjectile.uasset'
[2023.09.12-21.02.35:392][845]LogSavePackage: Display: Finished SavePackage ../../../../../../Users/Denis/Documents/Unreal Projects/HeadshotProject/Content/Weapon/BP_HPProjectile.uasset
[2023.09.12-21.02.41:360][985]LogTemp: Repeating last play command: Selected Viewport
[2023.09.12-21.02.41:483][985]LogPlayLevel: PlayLevel: No blueprints needed recompiling
[2023.09.12-21.02.41:499][985]PIE: New page: PIE session: GymMap (Sep 12, 2023, 7:02:41 AM)
[2023.09.12-21.02.41:500][985]LogPlayLevel: Creating play world package: /Game/Maps/UEDPIE_0_GymMap
[2023.09.12-21.02.41:540][985]LogPlayLevel: PIE: StaticDuplicateObject took: (0.039984s)
[2023.09.12-21.02.41:541][985]LogAIModule: Creating AISystem for world GymMap
[2023.09.12-21.02.41:542][985]LogPlayLevel: PIE: World Init took: (0.001818s)
[2023.09.12-21.02.41:543][985]LogPlayLevel: PIE: Created PIE world by copying editor world from /Game/Maps/GymMap.GymMap to /Game/Maps/UEDPIE_0_GymMap.GymMap (0.043297s)
[2023.09.12-21.02.41:592][985]LogInit: XAudio2 using 'Speakers (Realtek High Definition Audio)' : 2 channels at 48 kHz using 32 bits per sample (channel mask 0x3)
[2023.09.12-21.02.41:761][985]LogInit: FAudioDevice initialized.
[2023.09.12-21.02.41:824][985]LogLoad: Game class is 'BP_HPGameModeBase_C'
[2023.09.12-21.02.41:856][985]LogWorld: Bringing World /Game/Maps/UEDPIE_0_GymMap.GymMap up for play (max tick rate 60) at 2023.09.12-14.02.41
[2023.09.12-21.02.41:887][985]LogWorld: Bringing up level for play took: 0.045005
[2023.09.12-21.02.42:068][985]LogContentBrowser: Native class hierarchy updated for 'MovieSceneCapture' in 0.0247 seconds. Added 11 classes and 0 folders.
[2023.09.12-21.02.42:145][985]PIE: Play in editor start time for /Game/Maps/UEDPIE_0_GymMap 1.121
[2023.09.12-21.03.44:350][361]BlueprintLog: New page: Compile BP_HPProjectile
[2023.09.12-21.03.45:125][361]Cmd: OBJ SAVEPACKAGE PACKAGE="/Game/Weapon/BP_HPProjectile" FILE="../../../../../../Users/Denis/Documents/Unreal Projects/HeadshotProject/Content/Weapon/BP_HPProjectile.uasset" SILENT=true
[2023.09.12-21.03.45:229][361]LogSavePackage: Save=43.49ms
[2023.09.12-21.03.45:229][361]LogSavePackage: Moving '../../../../../../Users/Denis/Documents/Unreal Projects/HeadshotProject/Saved/BP_HPProjectile165FA065438C099518EA32A3B08D3453.tmp' to '../../../../../../Users/Denis/Documents/Unreal Projects/HeadshotProject/Content/Weapon/BP_HPProjectile.uasset'
[2023.09.12-21.03.45:235][361]LogSavePackage: Display: Finished SavePackage ../../../../../../Users/Denis/Documents/Unreal Projects/HeadshotProject/Content/Weapon/BP_HPProjectile.uasset
[2023.09.12-21.03.47:067][405]LogTemp: Repeating last play command: Selected Viewport
[2023.09.12-21.03.47:122][405]LogPlayLevel: PlayLevel: No blueprints needed recompiling
[2023.09.12-21.03.47:122][405]PIE: New page: PIE session: GymMap (Sep 12, 2023, 7:03:47 AM)
[2023.09.12-21.03.47:122][405]LogPlayLevel: Creating play world package: /Game/Maps/UEDPIE_0_GymMap
[2023.09.12-21.03.47:158][405]LogPlayLevel: PIE: StaticDuplicateObject took: (0.035107s)
[2023.09.12-21.03.47:159][405]LogAIModule: Creating AISystem for world GymMap
[2023.09.12-21.03.47:160][405]LogPlayLevel: PIE: World Init took: (0.001871s)
[2023.09.12-21.03.47:160][405]LogPlayLevel: PIE: Created PIE world by copying editor world from /Game/Maps/GymMap.GymMap to /Game/Maps/UEDPIE_0_GymMap.GymMap (0.037788s)
[2023.09.12-21.03.47:209][405]LogInit: XAudio2 using 'Speakers (Realtek High Definition Audio)' : 2 channels at 48 kHz using 32 bits per sample (channel mask 0x3)
[2023.09.12-21.03.47:352][405]LogInit: FAudioDevice initialized.
[2023.09.12-21.03.47:399][405]LogLoad: Game class is 'BP_HPGameModeBase_C'
[2023.09.12-21.03.47:411][405]LogWorld: Bringing World /Game/Maps/UEDPIE_0_GymMap.GymMap up for play (max tick rate 60) at 2023.09.12-14.03.47
[2023.09.12-21.03.47:413][405]LogWorld: Bringing up level for play took: 0.013139
[2023.09.12-21.03.47:423][405]PIE: Play in editor start time for /Game/Maps/UEDPIE_0_GymMap 0.397
[2023.09.12-21.04.14:371][485]LogContentBrowser: Native class hierarchy updated for 'Cascade' in 0.0274 seconds. Added 2 classes and 2 folders.
[2023.09.12-21.04.28:816][807]Cmd: OBJ SAVEPACKAGE PACKAGE="/Game/VFX/P_HeadSparks" FILE="../../../../../../Users/Denis/Documents/Unreal Projects/HeadshotProject/Content/VFX/P_HeadSparks.uasset" SILENT=true
[2023.09.12-21.04.28:946][807]LogSavePackage: Save=64.89ms
[2023.09.12-21.04.28:947][807]LogSavePackage: Moving '../../../../../../Users/Denis/Documents/Unreal Projects/HeadshotProject/Saved/P_HeadSparksEF73D5AB4332CA6EF38B8DBB7A3C5168.tmp' to '../../../../../../Users/Denis/Documents/Unreal Projects/HeadshotProject/Content/VFX/P_HeadSparks.uasset'
[2023.09.12-21.04.28:952][807]LogSavePackage: Display: Finished SavePackage ../../../../../../Users/Denis/Documents/Unreal Projects/HeadshotProject/Content/VFX/P_HeadSparks.uasset
[2023.09.12-21.04.30:384][840]LogCascade: Quitting Cascade. FXSystem=0x0000015B4CCB8540
[2023.09.12-21.04.42:898][142]Cmd: OBJ SAVEPACKAGE PACKAGE="/Game/VFX/P_BodySparks" FILE="../../../../../../Users/Denis/Documents/Unreal Projects/HeadshotProject/Content/VFX/P_BodySparks.uasset" SILENT=true
[2023.09.12-21.04.43:032][142]LogSavePackage: Save=61.40ms
[2023.09.12-21.04.43:033][142]LogSavePackage: Moving '../../../../../../Users/Denis/Documents/Unreal Projects/HeadshotProject/Saved/P_BodySparks7E1FBAB345B7DD3E37B337BDD2536121.tmp' to '../../../../../../Users/Denis/Documents/Unreal Projects/HeadshotProject/Content/VFX/P_BodySparks.uasset'
[2023.09.12-21.04.43:038][142]LogSavePackage: Display: Finished SavePackage ../../../../../../Users/Denis/Documents/Unreal Projects/HeadshotProject/Content/VFX/P_BodySparks.uasset
[2023.09.12-21.04.44:514][176]LogCascade: Quitting Cascade. FXSystem=0x0000015B4BCC58A0
[2023.09.12-21.04.45:430][200]LogTemp: Repeating last play command: Selected Viewport
[2023.09.12-21.04.45:486][200]LogPlayLevel: PlayLevel: No blueprints needed recompiling
[2023.09.12-21.04.45:486][200]PIE: New page: PIE session: GymMap (Sep 12, 2023, 7:04:45 AM)
[2023.09.12-21.04.45:487][200]LogPlayLevel: Creating play world package: /Game/Maps/UEDPIE_0_GymMap
[2023.09.12-21.04.45:521][200]LogPlayLevel: PIE: StaticDuplicateObject took: (0.034665s)
[2023.09.12-21.04.45:523][200]LogAIModule: Creating AISystem for world GymMap
[2023.09.12-21.04.45:523][200]LogPlayLevel: PIE: World Init took: (0.001639s)
[2023.09.12-21.04.45:524][200]LogPlayLevel: PIE: Created PIE world by copying editor world from /Game/Maps/GymMap.GymMap to /Game/Maps/UEDPIE_0_GymMap.GymMap (0.037166s)
[2023.09.12-21.04.45:578][200]LogInit: XAudio2 using 'Speakers (Realtek High Definition Audio)' : 2 channels at 48 kHz using 32 bits per sample (channel mask 0x3)
[2023.09.12-21.04.45:734][200]LogInit: FAudioDevice initialized.
[2023.09.12-21.04.45:778][200]LogLoad: Game class is 'BP_HPGameModeBase_C'
[2023.09.12-21.04.45:793][200]LogWorld: Bringing World /Game/Maps/UEDPIE_0_GymMap.GymMap up for play (max tick rate 60) at 2023.09.12-14.04.45
[2023.09.12-21.04.45:795][200]LogWorld: Bringing up level for play took: 0.014291
[2023.09.12-21.04.45:807][200]PIE: Play in editor start time for /Game/Maps/UEDPIE_0_GymMap 0.781
[2023.09.12-21.05.17:311][566]Cmd: OBJ SAVEPACKAGE PACKAGE="/Game/Maps/GymMap" FILE="../../../../../../Users/Denis/Documents/Unreal Projects/HeadshotProject/Content/Maps/GymMap.umap" SILENT=true AUTOSAVING=false KEEPDIRTY=false
[2023.09.12-21.05.17:966][566]LogSavePackage: Save=530.77ms
[2023.09.12-21.05.17:966][566]LogSavePackage: Moving '../../../../../../Users/Denis/Documents/Unreal Projects/HeadshotProject/Saved/GymMapCD7B2E2F48D7D90889E0EAA17AB196AC.tmp' to '../../../../../../Users/Denis/Documents/Unreal Projects/HeadshotProject/Content/Maps/GymMap.umap'
[2023.09.12-21.05.17:969][566]LogSavePackage: Display: Finished SavePackage ../../../../../../Users/Denis/Documents/Unreal Projects/HeadshotProject/Content/Maps/GymMap.umap
[2023.09.12-21.05.18:053][566]Cmd: OBJ SAVEPACKAGE PACKAGE="/Game/Maps/GymMap_BuiltData" FILE="../../../../../../Users/Denis/Documents/Unreal Projects/HeadshotProject/Content/Maps/GymMap_BuiltData.uasset" SILENT=true
[2023.09.12-21.05.18:141][566]LogSavePackage: Save=25.15ms
[2023.09.12-21.05.18:141][566]LogSavePackage: Moving '../../../../../../Users/Denis/Documents/Unreal Projects/HeadshotProject/Saved/GymMap_BuiltData4EF2889A45DAC3EB4D36608E2EC6F3AD.tmp' to '../../../../../../Users/Denis/Documents/Unreal Projects/HeadshotProject/Content/Maps/GymMap_BuiltData.uasset'
[2023.09.12-21.05.18:144][566]LogSavePackage: Display: Finished SavePackage ../../../../../../Users/Denis/Documents/Unreal Projects/HeadshotProject/Content/Maps/GymMap_BuiltData.uasset
[2023.09.12-21.40.44:080][ 12]LogD3D11RHI: Timed out while waiting for GPU to catch up. (0.5 s)
[2023.09.12-21.41.45:397][196]LogD3D11RHI: Timed out while waiting for GPU to catch up. (0.5 s)
[2023.09.12-21.41.58:063][234]LogD3D11RHI: Timed out while waiting for GPU to catch up. (0.5 s)
[2023.09.12-21.43.20:395][481]LogD3D11RHI: Timed out while waiting for GPU to catch up. (0.5 s)
[2023.09.12-21.44.14:730][644]LogD3D11RHI: Timed out while waiting for GPU to catch up. (0.5 s)
[2023.09.12-21.44.17:398][652]LogD3D11RHI: Timed out while waiting for GPU to catch up. (0.5 s)
[2023.09.12-21.44.50:728][752]LogD3D11RHI: Timed out while waiting for GPU to catch up. (0.5 s)
[2023.09.12-21.47.10:406][171]LogD3D11RHI: Timed out while waiting for GPU to catch up. (0.5 s)
[2023.09.12-21.47.13:063][179]LogD3D11RHI: Timed out while waiting for GPU to catch up. (0.5 s)
[2023.09.12-21.48.01:075][323]LogD3D11RHI: Timed out while waiting for GPU to catch up. (0.5 s)
[2023.09.12-21.48.03:729][331]LogD3D11RHI: Timed out while waiting for GPU to catch up. (0.5 s)
[2023.09.12-21.48.55:736][487]LogD3D11RHI: Timed out while waiting for GPU to catch up. (0.5 s)
[2023.09.12-21.49.01:066][503]LogD3D11RHI: Timed out while waiting for GPU to catch up. (0.5 s)
[2023.09.12-21.49.27:407][582]LogD3D11RHI: Timed out while waiting for GPU to catch up. (0.5 s)
[2023.09.12-21.50.28:747][766]LogD3D11RHI: Timed out while waiting for GPU to catch up. (0.5 s)
[2023.09.12-21.50.35:082][785]LogD3D11RHI: Timed out while waiting for GPU to catch up. (0.5 s)
[2023.09.12-21.50.55:746][847]LogD3D11RHI: Timed out while waiting for GPU to catch up. (0.5 s)
[2023.09.12-21.50.58:410][855]LogD3D11RHI: Timed out while waiting for GPU to catch up. (0.5 s)
[2023.09.12-21.51.07:414][882]LogD3D11RHI: Timed out while waiting for GPU to catch up. (0.5 s)
[2023.09.12-21.53.30:400][311]LogD3D11RHI: Timed out while waiting for GPU to catch up. (0.5 s)
[2023.09.12-21.53.37:737][333]LogD3D11RHI: Timed out while waiting for GPU to catch up. (0.5 s)
[2023.09.12-21.53.46:742][360]LogD3D11RHI: Timed out while waiting for GPU to catch up. (0.5 s)
[2023.09.12-21.54.15:412][446]LogD3D11RHI: Timed out while waiting for GPU to catch up. (0.5 s)
[2023.09.12-21.54.59:417][578]LogD3D11RHI: Timed out while waiting for GPU to catch up. (0.5 s)
[2023.09.12-21.56.07:403][782]LogD3D11RHI: Timed out while waiting for GPU to catch up. (0.5 s)
[2023.09.12-21.56.16:413][809]LogD3D11RHI: Timed out while waiting for GPU to catch up. (0.5 s)
[2023.09.12-21.56.36:068][868]LogD3D11RHI: Timed out while waiting for GPU to catch up. (0.5 s)
[2023.09.12-21.57.19:412][998]LogD3D11RHI: Timed out while waiting for GPU to catch up. (0.5 s)
[2023.09.12-21.57.41:080][ 63]LogD3D11RHI: Timed out while waiting for GPU to catch up. (0.5 s)
[2023.09.12-21.58.25:408][196]LogD3D11RHI: Timed out while waiting for GPU to catch up. (0.5 s)
[2023.09.12-21.59.09:408][328]LogD3D11RHI: Timed out while waiting for GPU to catch up. (0.5 s)
[2023.09.12-22.00.12:741][518]LogD3D11RHI: Timed out while waiting for GPU to catch up. (0.5 s)
[2023.09.12-22.02.03:746][851]LogD3D11RHI: Timed out while waiting for GPU to catch up. (0.5 s)
[2023.09.12-22.03.02:734][ 28]LogD3D11RHI: Timed out while waiting for GPU to catch up. (0.5 s)
[2023.09.12-22.03.49:078][167]LogD3D11RHI: Timed out while waiting for GPU to catch up. (0.5 s)
[2023.09.12-22.05.40:077][500]LogD3D11RHI: Timed out while waiting for GPU to catch up. (0.5 s)
[2023.09.12-22.06.18:739][616]LogD3D11RHI: Timed out while waiting for GPU to catch up. (0.5 s)
[2023.09.12-22.06.54:743][724]LogD3D11RHI: Timed out while waiting for GPU to catch up. (0.5 s)
[2023.09.12-22.07.04:752][754]LogD3D11RHI: Timed out while waiting for GPU to catch up. (0.5 s)
[2023.09.12-22.08.06:412][939]LogD3D11RHI: Timed out while waiting for GPU to catch up. (0.5 s)
[2023.09.12-22.08.10:079][950]LogD3D11RHI: Timed out while waiting for GPU to catch up. (0.5 s)
[2023.09.12-22.08.30:082][ 10]LogD3D11RHI: Timed out while waiting for GPU to catch up. (0.5 s)
[2023.09.12-22.08.33:750][ 21]LogD3D11RHI: Timed out while waiting for GPU to catch up. (0.5 s)
[2023.09.12-22.09.20:072][160]LogD3D11RHI: Timed out while waiting for GPU to catch up. (0.5 s)
[2023.09.12-22.10.01:410][284]LogD3D11RHI: Timed out while waiting for GPU to catch up. (0.5 s)
[2023.09.12-22.11.24:087][532]LogD3D11RHI: Timed out while waiting for GPU to catch up. (0.5 s)
[2023.09.12-22.12.19:408][698]LogD3D11RHI: Timed out while waiting for GPU to catch up. (0.5 s)
[2023.09.12-22.12.42:742][768]LogD3D11RHI: Timed out while waiting for GPU to catch up. (0.5 s)
[2023.09.12-22.12.59:744][819]LogD3D11RHI: Timed out while waiting for GPU to catch up. (0.5 s)
[2023.09.12-22.35.51:943][933]LogD3D11RHI: Timed out while waiting for GPU to catch up. (0.5 s)
[2023.09.12-22.36.12:598][995]LogD3D11RHI: Timed out while waiting for GPU to catch up. (0.5 s)
[2023.09.12-22.36.33:279][ 57]LogD3D11RHI: Timed out while waiting for GPU to catch up. (0.5 s)
[2023.09.12-22.36.54:928][122]LogD3D11RHI: Timed out while waiting for GPU to catch up. (0.5 s)
[2023.09.12-22.37.14:943][182]LogD3D11RHI: Timed out while waiting for GPU to catch up. (0.5 s)
[2023.09.12-22.48.12:490][197]LogTemp: Repeating last play command: Selected Viewport
[2023.09.12-22.48.12:604][197]LogPlayLevel: PlayLevel: No blueprints needed recompiling
[2023.09.12-22.48.12:606][197]PIE: New page: PIE session: GymMap (Sep 12, 2023, 8:48:12 AM)
[2023.09.12-22.48.12:608][197]LogPlayLevel: Creating play world package: /Game/Maps/UEDPIE_0_GymMap
[2023.09.12-22.48.12:712][197]LogPlayLevel: PIE: StaticDuplicateObject took: (0.102356s)
[2023.09.12-22.48.12:719][197]LogAIModule: Creating AISystem for world GymMap
[2023.09.12-22.48.12:724][197]LogPlayLevel: PIE: World Init took: (0.012575s)
[2023.09.12-22.48.12:729][197]LogPlayLevel: PIE: Created PIE world by copying editor world from /Game/Maps/GymMap.GymMap to /Game/Maps/UEDPIE_0_GymMap.GymMap (0.121020s)
[2023.09.12-22.48.12:941][197]LogInit: XAudio2 using 'Speakers (Realtek High Definition Audio)' : 2 channels at 48 kHz using 32 bits per sample (channel mask 0x3)
[2023.09.12-22.48.13:115][197]LogInit: FAudioDevice initialized.
[2023.09.12-22.48.13:164][197]LogLoad: Game class is 'BP_HPGameModeBase_C'
[2023.09.12-22.48.13:180][197]LogWorld: Bringing World /Game/Maps/UEDPIE_0_GymMap.GymMap up for play (max tick rate 60) at 2023.09.12-15.48.13
[2023.09.12-22.48.13:184][197]LogWorld: Bringing up level for play took: 0.017005
[2023.09.12-22.48.13:207][197]PIE: Play in editor start time for /Game/Maps/UEDPIE_0_GymMap 0.181
[2023.09.12-22.48.36:204][148]Cmd: QUIT_EDITOR
[2023.09.12-22.48.37:283][148]LogWindowsTextInputMethodSystem: Display: IME system now deactivated.
[2023.09.12-22.48.37:326][148]LogExit: Preparing to exit.
[2023.09.12-22.48.38:408][148]LogDirectoryWatcher: A directory notification for 'C:/Users/Denis/Documents/Unreal Projects/HeadshotProject/Content/' was aborted.
[2023.09.12-22.48.38:781][148]LogExit: Editor shut down
[2023.09.12-22.48.38:878][148]LogExit: Transaction tracking system shut down
[2023.09.12-22.48.39:694][148]LogDirectoryWatcher: A directory notification for '../../../Engine/Content/' was aborted.
[2023.09.12-22.48.39:694][148]LogDirectoryWatcher: A directory notification for '../../../../../../Users/Denis/Documents/Unreal Projects/HeadshotProject/Content/' was aborted.
[2023.09.12-22.48.39:694][148]LogDirectoryWatcher: A directory notification for '../../../Engine/Plugins/2D/Paper2D/Content/' was aborted.
[2023.09.12-22.48.39:694][148]LogDirectoryWatcher: A directory notification for '../../../Engine/Plugins/Runtime/Oculus/OculusVR/Content/' was aborted.
[2023.09.12-22.48.39:694][148]LogDirectoryWatcher: A directory notification for '../../../Engine/Plugins/Runtime/Steam/SteamVR/Content/' was aborted.
[2023.09.12-22.48.40:937][148]LogExit: Object subsystem successfully closed.
[2023.09.12-22.48.41:024][148]LogD3D11RHI: Shutdown
[2023.09.12-22.48.41:025][148]LogD3D11RHI: CleanupD3DDevice
[2023.09.12-22.48.41:297][148]LogD3D11RHI: ~FD3D11DynamicRHI
[2023.09.12-22.48.41:415][148]LogModuleManager: Shutting down and abandoning module DistCurveEditor (543)
[2023.09.12-22.48.41:415][148]LogModuleManager: Shutting down and abandoning module Cascade (541)
[2023.09.12-22.48.41:415][148]LogModuleManager: Shutting down and abandoning module MovieSceneCapture (539)
[2023.09.12-22.48.41:415][148]LogModuleManager: Shutting down and abandoning module BlueprintGraph (537)
[2023.09.12-22.48.41:415][148]LogModuleManager: Shutting down and abandoning module BlueprintProfiler (535)
[2023.09.12-22.48.41:418][148]LogModuleManager: Shutting down and abandoning module HeadshotProject (533)
[2023.09.12-22.48.41:419][148]LogModuleManager: Shutting down and abandoning module HierarchicalLODOutliner (532)
[2023.09.12-22.48.41:419][148]LogModuleManager: Shutting down and abandoning module SceneOutliner (530)
[2023.09.12-22.48.41:420][148]LogModuleManager: Shutting down and abandoning module AddContentDialog (528)
[2023.09.12-22.48.41:421][148]LogDirectoryWatcher: A directory notification for 'C:/Program Files/Epic Games/UE_4.17/FeaturePacks/' was aborted.
[2023.09.12-22.48.41:432][148]LogModuleManager: Shutting down and abandoning module WidgetCarousel (527)
[2023.09.12-22.48.41:432][148]LogModuleManager: Shutting down and abandoning module EditorWidgets (524)
[2023.09.12-22.48.41:432][148]LogModuleManager: Shutting down and abandoning module CollectionManager (522)
[2023.09.12-22.48.41:433][148]LogDirectoryWatcher: A directory notification for 'C:/Users/Denis/Documents/Unreal Projects/HeadshotProject/Content/Collections/' was aborted.
[2023.09.12-22.48.41:434][148]LogDirectoryWatcher: A directory notification for 'C:/Users/Denis/Documents/Unreal Projects/HeadshotProject/Content/Developers/Denis/Collections/' was aborted.
[2023.09.12-22.48.41:434][148]LogDirectoryWatcher: A directory notification for 'C:/Users/Denis/Documents/Unreal Projects/HeadshotProject/Saved/Collections/' was aborted.
[2023.09.12-22.48.41:434][148]LogModuleManager: Shutting down and abandoning module StatsViewer (520)
[2023.09.12-22.48.41:435][148]LogModuleManager: Shutting down and abandoning module FoliageEdit (518)
[2023.09.12-22.48.41:435][148]LogModuleManager: Shutting down and abandoning module LandscapeEditor (516)
[2023.09.12-22.48.41:436][148]LogModuleManager: Shutting down and abandoning module MeshPaintMode (514)
[2023.09.12-22.48.41:437][148]LogModuleManager: Shutting down and abandoning module SceneDepthPickerMode (512)
[2023.09.12-22.48.41:437][148]LogModuleManager: Shutting down and abandoning module ActorPickerMode (510)
[2023.09.12-22.48.41:437][148]LogModuleManager: Shutting down and abandoning module GeometryMode (508)
[2023.09.12-22.48.41:437][148]LogModuleManager: Shutting down and abandoning module TextureAlignMode (506)
[2023.09.12-22.48.41:437][148]LogModuleManager: Shutting down and abandoning module BspMode (504)
[2023.09.12-22.48.41:437][148]LogModuleManager: Shutting down and abandoning module PIEPreviewDeviceProfileSelector (502)
[2023.09.12-22.48.41:437][148]LogModuleManager: Shutting down and abandoning module HardwareSurvey (500)
[2023.09.12-22.48.41:437][148]LogModuleManager: Shutting down and abandoning module SequenceRecorderSections (498)
[2023.09.12-22.48.41:438][148]LogModuleManager: Shutting down and abandoning module AutomationWorker (496)
[2023.09.12-22.48.41:439][148]LogModuleManager: Shutting down and abandoning module MatineeToLevelSequence (494)
[2023.09.12-22.48.41:439][148]LogModuleManager: Shutting down and abandoning module LevelSequenceEditor (492)
[2023.09.12-22.48.41:443][148]LogModuleManager: Shutting down and abandoning module PlacementMode (491)
[2023.09.12-22.48.41:443][148]LogModuleManager: Shutting down and abandoning module WmfMediaFactory (488)
[2023.09.12-22.48.41:443][148]LogModuleManager: Shutting down and abandoning module WmfMediaEditor (486)
[2023.09.12-22.48.41:443][148]LogModuleManager: Shutting down and abandoning module AvfMediaFactory (484)
[2023.09.12-22.48.41:443][148]LogModuleManager: Shutting down and abandoning module AvfMediaEditor (482)
[2023.09.12-22.48.41:443][148]LogModuleManager: Shutting down and abandoning module AndroidMediaFactory (480)
[2023.09.12-22.48.41:443][148]LogModuleManager: Shutting down and abandoning module Media (479)
[2023.09.12-22.48.41:443][148]LogModuleManager: Shutting down and abandoning module AndroidMediaEditor (476)
[2023.09.12-22.48.41:443][148]LogModuleManager: Shutting down and abandoning module CharacterAI (474)
[2023.09.12-22.48.41:443][148]LogModuleManager: Shutting down and abandoning module AudioCapture (472)
[2023.09.12-22.48.41:443][148]LogModuleManager: Shutting down and abandoning module SequenceRecorder (471)
[2023.09.12-22.48.41:444][148]LogModuleManager: Shutting down and abandoning module SmartSnapping (468)
[2023.09.12-22.48.41:444][148]LogModuleManager: Shutting down and abandoning module SessionServices (466)
[2023.09.12-22.48.41:444][148]LogModuleManager: Shutting down and abandoning module ViewportSnapping (464)
[2023.09.12-22.48.41:444][148]LogModuleManager: Shutting down and abandoning module ViewportInteraction (462)
[2023.09.12-22.48.41:444][148]LogModuleManager: Shutting down and abandoning module ClothPainter (460)
[2023.09.12-22.48.41:447][148]LogModuleManager: Shutting down and abandoning module LogVisualizer (458)
[2023.09.12-22.48.41:448][148]LogModuleManager: Shutting down and abandoning module IntroTutorials (456)
[2023.09.12-22.48.41:450][148]LogModuleManager: Shutting down and abandoning module GameProjectGeneration (455)
[2023.09.12-22.48.41:452][148]LogModuleManager: Shutting down and abandoning module IOSPlatformEditor (452)
[2023.09.12-22.48.41:453][148]LogModuleManager: Shutting down and abandoning module HTML5PlatformEditor (450)
[2023.09.12-22.48.41:453][148]LogModuleManager: Shutting down and abandoning module AndroidPlatformEditor (448)
[2023.09.12-22.48.41:453][148]LogModuleManager: Shutting down and abandoning module AndroidDeviceDetection (447)
[2023.09.12-22.48.41:779][148]LogModuleManager: Shutting down and abandoning module WindowsPlatformEditor (444)
[2023.09.12-22.48.41:779][148]LogModuleManager: Shutting down and abandoning module IOSRuntimeSettings (442)
[2023.09.12-22.48.41:779][148]LogModuleManager: Shutting down and abandoning module AndroidRuntimeSettings (440)
[2023.09.12-22.48.41:779][148]LogModuleManager: Shutting down and abandoning module InputBindingEditor (438)
[2023.09.12-22.48.41:780][148]LogModuleManager: Shutting down and abandoning module MergeActors (436)
[2023.09.12-22.48.41:781][148]LogModuleManager: Shutting down and abandoning module SizeMap (434)
[2023.09.12-22.48.41:781][148]LogModuleManager: Shutting down and abandoning module TreeMap (432)
[2023.09.12-22.48.41:782][148]LogModuleManager: Shutting down and abandoning module ReferenceViewer (430)
[2023.09.12-22.48.41:782][148]LogModuleManager: Shutting down and abandoning module LocalizationDashboard (428)
[2023.09.12-22.48.41:783][148]LogModuleManager: Shutting down and abandoning module LocalizationService (427)
[2023.09.12-22.48.41:784][148]LogModuleManager: Shutting down and abandoning module HardwareTargeting (424)
[2023.09.12-22.48.41:784][148]LogModuleManager: Shutting down and abandoning module DeviceProfileEditor (422)
[2023.09.12-22.48.41:784][148]LogModuleManager: Shutting down and abandoning module UndoHistory (420)
[2023.09.12-22.48.41:784][148]LogModuleManager: Shutting down and abandoning module XmlParser (418)
[2023.09.12-22.48.41:785][148]LogModuleManager: Shutting down and abandoning module Blutility (416)
[2023.09.12-22.48.41:785][148]LogModuleManager: Shutting down and abandoning module ProjectSettingsViewer (414)
[2023.09.12-22.48.41:785][148]LogModuleManager: Shutting down and abandoning module ProjectTargetPlatformEditor (413)
[2023.09.12-22.48.41:786][148]LogModuleManager: Shutting down and abandoning module EditorSettingsViewer (410)
[2023.09.12-22.48.41:786][148]LogModuleManager: Shutting down and abandoning module SettingsEditor (408)
[2023.09.12-22.48.41:788][148]LogModuleManager: Shutting down and abandoning module ProjectLauncher (406)
[2023.09.12-22.48.41:788][148]LogModuleManager: Shutting down and abandoning module SessionFrontend (404)
[2023.09.12-22.48.41:789][148]LogModuleManager: Shutting down and abandoning module ProfilerClient (402)
[2023.09.12-22.48.41:790][148]LogModuleManager: Shutting down and abandoning module DeviceManager (400)
[2023.09.12-22.48.41:791][148]LogModuleManager: Shutting down and abandoning module TargetDeviceServices (399)
[2023.09.12-22.48.41:836][148]LogModuleManager: Shutting down and abandoning module AutomationController (396)
[2023.09.12-22.48.41:838][148]LogModuleManager: Shutting down and abandoning module AutomationWindow (394)
[2023.09.12-22.48.41:840][148]LogModuleManager: Shutting down and abandoning module Layers (392)
[2023.09.12-22.48.41:843][148]LogModuleManager: Shutting down and abandoning module ComponentVisualizers (390)
[2023.09.12-22.48.41:843][148]LogModuleManager: Shutting down and abandoning module DetailCustomizations (388)
[2023.09.12-22.48.41:844][148]LogModuleManager: Shutting down and abandoning module PackagesDialog (386)
[2023.09.12-22.48.41:845][148]LogModuleManager: Shutting down and abandoning module Persona (384)
[2023.09.12-22.48.41:847][148]LogModuleManager: Shutting down and abandoning module AdvancedPreviewScene (383)
[2023.09.12-22.48.41:847][148]LogModuleManager: Shutting down and abandoning module AnimGraph (381)
[2023.09.12-22.48.41:847][148]LogModuleManager: Shutting down and abandoning module Kismet (378)
[2023.09.12-22.48.41:873][148]LogModuleManager: Shutting down and abandoning module ClassViewer (376)
[2023.09.12-22.48.41:874][148]LogModuleManager: Shutting down and abandoning module Toolbox (374)
[2023.09.12-22.48.41:874][148]LogModuleManager: Shutting down and abandoning module ModuleUI (372)
[2023.09.12-22.48.41:874][148]LogModuleManager: Shutting down and abandoning module MovieSceneTools (370)
[2023.09.12-22.48.41:876][148]LogModuleManager: Shutting down and abandoning module OutputLog (368)
[2023.09.12-22.48.41:876][148]LogModuleManager: Shutting down and abandoning module GammaUI (366)
[2023.09.12-22.48.41:877][148]LogModuleManager: Shutting down and abandoning module Documentation (364)
[2023.09.12-22.48.41:878][148]LogModuleManager: Shutting down and abandoning module MovieSceneTracks (362)
[2023.09.12-22.48.41:878][148]LogModuleManager: Shutting down and abandoning module MovieScene (360)
[2023.09.12-22.48.41:878][148]LogModuleManager: Shutting down and abandoning module Niagara (358)
[2023.09.12-22.48.41:878][148]LogModuleManager: Shutting down and abandoning module NiagaraEditor (357)
[2023.09.12-22.48.41:880][148]LogModuleManager: Shutting down and abandoning module StreamingPauseRendering (354)
[2023.09.12-22.48.41:880][148]LogModuleManager: Shutting down and abandoning module LauncherPlatform (352)
[2023.09.12-22.48.41:880][148]LogModuleManager: Shutting down and abandoning module AnalyticsET (350)
[2023.09.12-22.48.41:880][148]LogModuleManager: Shutting down and abandoning module PortalServices (348)
[2023.09.12-22.48.41:880][148]LogModuleManager: Shutting down and abandoning module PortalRpc (346)
[2023.09.12-22.48.41:881][148]LogModuleManager: Shutting down and abandoning module MessagingRpc (344)
[2023.09.12-22.48.41:881][148]LogModuleManager: Shutting down and abandoning module AIModule (342)
[2023.09.12-22.48.41:881][148]LogModuleManager: Shutting down and abandoning module GameplayDebugger (341)
[2023.09.12-22.48.41:881][148]LogModuleManager: Shutting down and abandoning module AITestSuite (339)
[2023.09.12-22.48.41:881][148]LogModuleManager: Shutting down and abandoning module ProfilerService (336)
[2023.09.12-22.48.41:999][148]LogModuleManager: Shutting down and abandoning module TaskGraph (334)
[2023.09.12-22.48.42:001][148]LogModuleManager: Shutting down and abandoning module SteamVRController (332)
[2023.09.12-22.48.42:001][148]LogModuleManager: Shutting down and abandoning module ProceduralMeshComponentEditor (330)
[2023.09.12-22.48.42:001][148]LogModuleManager: Shutting down and abandoning module ProceduralMeshComponent (328)
[2023.09.12-22.48.42:001][148]LogModuleManager: Shutting down and abandoning module OculusInput (326)
[2023.09.12-22.48.42:002][148]LogModuleManager: Shutting down and abandoning module MobilePatchingUtils (324)
[2023.09.12-22.48.42:002][148]LogModuleManager: Shutting down and abandoning module CustomMeshComponent (322)
[2023.09.12-22.48.42:002][148]LogModuleManager: Shutting down and abandoning module CableComponent (320)
[2023.09.12-22.48.42:002][148]LogModuleManager: Shutting down and abandoning module ArchVisCharacter (318)
[2023.09.12-22.48.42:003][148]LogModuleManager: Shutting down and abandoning module AndroidPermission (316)
[2023.09.12-22.48.42:003][148]LogModuleManager: Shutting down and abandoning module MediaPlayerEditor (312)
[2023.09.12-22.48.42:049][148]LogModuleManager: Shutting down and abandoning module HTML5Networking (310)
[2023.09.12-22.48.42:049][148]LogModuleManager: Shutting down and abandoning module AlembicImporter (308)
[2023.09.12-22.48.42:050][148]LogModuleManager: Shutting down and abandoning module AlembicLibrary (307)
[2023.09.12-22.48.42:053][148]LogModuleManager: Shutting down and abandoning module GeometryCache (306)
[2023.09.12-22.48.42:053][148]LogModuleManager: Shutting down and abandoning module GeometryCacheEd (305)
[2023.09.12-22.48.42:053][148]LogModuleManager: Shutting down and abandoning module SpeedTreeImporter (300)
[2023.09.12-22.48.42:053][148]LogModuleManager: Shutting down and abandoning module PluginBrowser (298)
[2023.09.12-22.48.42:065][148]LogModuleManager: Shutting down and abandoning module MobileLauncherProfileWizard (296)
[2023.09.12-22.48.42:067][148]LogModuleManager: Shutting down and abandoning module VisualStudioSourceCodeAccess (294)
[2023.09.12-22.48.42:067][148]LogModuleManager: Shutting down and abandoning module DesktopPlatform (293)
[2023.09.12-22.48.42:070][148]LogModuleManager: Shutting down and abandoning module UObjectPlugin (290)
[2023.09.12-22.48.42:070][148]LogModuleManager: Shutting down and abandoning module SubversionSourceControl (288)
[2023.09.12-22.48.42:072][148]LogModuleManager: Shutting down and abandoning module PerforceSourceControl (286)
[2023.09.12-22.48.42:074][148]LogModuleManager: Shutting down and abandoning module GitSourceControl (284)
[2023.09.12-22.48.42:094][148]LogModuleManager: Shutting down and abandoning module SourceControl (283)
[2023.09.12-22.48.42:106][148]LogModuleManager: Shutting down and abandoning module LightPropagationVolumeEditor (280)
[2023.09.12-22.48.42:106][148]LogModuleManager: Shutting down and abandoning module PaperTiledImporter (278)
[2023.09.12-22.48.42:106][148]LogModuleManager: Shutting down and abandoning module PaperSpriteSheetImporter (276)
[2023.09.12-22.48.42:106][148]LogModuleManager: Shutting down and abandoning module Paper2DEditor (274)
[2023.09.12-22.48.42:107][148]LogModuleManager: Shutting down and abandoning module MeshPaint (273)
[2023.09.12-22.48.42:115][148]LogModuleManager: Shutting down and abandoning module LevelEditor (271)
[2023.09.12-22.48.42:122][148]LogModuleManager: Shutting down and abandoning module PixelInspectorModule (270)
[2023.09.12-22.48.42:127][148]LogModuleManager: Shutting down and abandoning module MainFrame (268)
[2023.09.12-22.48.42:127][148]LogModuleManager: Shutting down and abandoning module HotReload (267)
[2023.09.12-22.48.42:127][148]LogDirectoryWatcher: A directory notification for 'C:/Users/Denis/Documents/Unreal Projects/HeadshotProject/Binaries/Win64' was aborted.
[2023.09.12-22.48.42:128][148]LogModuleManager: Shutting down and abandoning module RuntimePhysXCooking (260)
[2023.09.12-22.48.42:139][148]LogModuleManager: Shutting down and abandoning module PhysXVehiclesEditor (258)
[2023.09.12-22.48.42:139][148]LogModuleManager: Shutting down and abandoning module PhysXVehicles (256)
[2023.09.12-22.48.42:139][148]LogModuleManager: Shutting down and abandoning module OculusEditor (254)
[2023.09.12-22.48.42:139][148]LogModuleManager: Shutting down and abandoning module LocationServicesBPLibrary (252)
[2023.09.12-22.48.42:140][148]LogModuleManager: Shutting down and abandoning module ImmediatePhysicsEditor (250)
[2023.09.12-22.48.42:140][148]LogModuleManager: Shutting down and abandoning module ImmediatePhysics (248)
[2023.09.12-22.48.42:141][148]LogModuleManager: Shutting down and abandoning module UdpMessaging (246)
[2023.09.12-22.48.42:242][148]LogModuleManager: Shutting down and abandoning module TcpMessaging (244)
[2023.09.12-22.48.42:343][148]LogModuleManager: Shutting down and abandoning module GameplayTagsEditor (242)
[2023.09.12-22.48.42:344][148]LogModuleManager: Shutting down and abandoning module FacialAnimationEditor (240)
[2023.09.12-22.48.42:344][148]LogModuleManager: Shutting down and abandoning module FacialAnimation (238)
[2023.09.12-22.48.42:345][148]LogModuleManager: Shutting down and abandoning module AssetManagerEditor (236)
[2023.09.12-22.48.42:347][148]LogModuleManager: Shutting down and abandoning module GraphEditor (235)
[2023.09.12-22.48.42:347][148]LogModuleManager: Shutting down and abandoning module ContentBrowser (233)
[2023.09.12-22.48.42:351][148]LogModuleManager: Shutting down and abandoning module LightPropagationVolumeRuntime (230)
[2023.09.12-22.48.42:351][148]LogModuleManager: Shutting down and abandoning module Paper2D (228)
[2023.09.12-22.48.42:351][148]LogModuleManager: Shutting down and abandoning module WindowsMoviePlayer (226)
[2023.09.12-22.48.42:352][148]LogModuleManager: Shutting down and abandoning module WmfMedia (224)
[2023.09.12-22.48.42:355][148]LogModuleManager: Shutting down and abandoning module PacketHandler (222)
[2023.09.12-22.48.42:355][148]LogModuleManager: Shutting down and abandoning module ClothingSystemEditor (220)
[2023.09.12-22.48.42:356][148]LogModuleManager: Shutting down and abandoning module ClothingSystemRuntime (218)
[2023.09.12-22.48.42:357][148]LogModuleManager: Shutting down and abandoning module Overlay (216)
[2023.09.12-22.48.42:357][148]LogModuleManager: Shutting down and abandoning module OverlayEditor (215)
[2023.09.12-22.48.42:357][148]LogModuleManager: Shutting down and abandoning module MediaAssets (212)
[2023.09.12-22.48.42:357][148]LogModuleManager: Shutting down and abandoning module VREditor (210)
[2023.09.12-22.48.42:358][148]LogModuleManager: Shutting down and abandoning module StringTableEditor (208)
[2023.09.12-22.48.42:359][148]LogModuleManager: Shutting down and abandoning module GameplayTasksEditor (206)
[2023.09.12-22.48.42:359][148]LogModuleManager: Shutting down and abandoning module BehaviorTreeEditor (204)
[2023.09.12-22.48.42:363][148]LogModuleManager: Shutting down and abandoning module FunctionalTesting (202)
[2023.09.12-22.48.42:363][148]LogModuleManager: Shutting down and abandoning module CollisionAnalyzer (200)
[2023.09.12-22.48.42:365][148]LogModuleManager: Shutting down and abandoning module WorkspaceMenuStructure (199)
[2023.09.12-22.48.42:365][148]LogModuleManager: Shutting down and abandoning module UMG (196)
[2023.09.12-22.48.42:367][148]LogModuleManager: Shutting down and abandoning module UMGEditor (195)
[2023.09.12-22.48.42:369][148]LogModuleManager: Shutting down and abandoning module Sequencer (194)
[2023.09.12-22.48.42:370][148]LogModuleManager: Shutting down and abandoning module MessageLog (191)
[2023.09.12-22.48.42:370][148]LogModuleManager: Shutting down and abandoning module SlateReflector (186)
[2023.09.12-22.48.42:373][148]LogModuleManager: Shutting down and abandoning module Slate (184)
[2023.09.12-22.48.42:373][148]LogModuleManager: Shutting down and abandoning module EditorStyle (182)
[2023.09.12-22.48.42:380][148]LogModuleManager: Shutting down and abandoning module MRMesh (180)
[2023.09.12-22.48.42:380][148]LogModuleManager: Shutting down and abandoning module SourceCodeAccess (178)
[2023.09.12-22.48.42:380][148]LogModuleManager: Shutting down and abandoning module HeadMountedDisplay (176)
[2023.09.12-22.48.42:380][148]LogModuleManager: Shutting down and abandoning module XAudio2 (174)
[2023.09.12-22.48.42:380][148]LogModuleManager: Shutting down and abandoning module Networking (172)
[2023.09.12-22.48.42:380][148]LogModuleManager: Shutting down and abandoning module Core (168)
[2023.09.12-22.48.42:380][148]LogModuleManager: Shutting down and abandoning module KismetCompiler (164)
[2023.09.12-22.48.42:380][148]LogModuleManager: Shutting down and abandoning module LevelSequence (162)
[2023.09.12-22.48.42:380][148]LogModuleManager: Shutting down and abandoning module MeshUtilities (160)
[2023.09.12-22.48.42:382][148]LogModuleManager: Shutting down and abandoning module MeshMergeUtilities (159)
[2023.09.12-22.48.42:383][148]LogModuleManager: Shutting down and abandoning module MeshReductionInterface (158)
[2023.09.12-22.48.42:383][148]LogModuleManager: Shutting down and abandoning module SimplygonSwarm (157)
[2023.09.12-22.48.42:383][148]LogModuleManager: Shutting down and abandoning module SimplygonMeshReduction (155)
[2023.09.12-22.48.42:384][148]LogModuleManager: Shutting down and abandoning module QuadricMeshReduction (153)
[2023.09.12-22.48.42:385][148]LogModuleManager: Shutting down and abandoning module MaterialBaking (149)
[2023.09.12-22.48.42:385][148]LogModuleManager: Shutting down and abandoning module DirectoryWatcher (146)
[2023.09.12-22.48.42:392][148]LogModuleManager: Shutting down and abandoning module DerivedDataCache (144)
[2023.09.12-22.48.42:468][148]LogDerivedDataCache: Shutdown
[2023.09.12-22.48.42:468][148]LogModuleManager: Shutting down and abandoning module TargetPlatform (142)
[2023.09.12-22.48.42:468][148]LogModuleManager: Shutting down and abandoning module VulkanShaderFormat (141)
[2023.09.12-22.48.42:469][148]LogModuleManager: Shutting down and abandoning module ShaderFormatVectorVM (139)
[2023.09.12-22.48.42:470][148]LogModuleManager: Shutting down and abandoning module ShaderFormatOpenGL (137)
[2023.09.12-22.48.42:470][148]LogModuleManager: Shutting down and abandoning module ShaderFormatD3D (135)
[2023.09.12-22.48.42:471][148]LogModuleManager: Shutting down and abandoning module MetalShaderFormat (133)
[2023.09.12-22.48.42:472][148]LogModuleManager: Shutting down and abandoning module TextureFormatUncompressed (131)
[2023.09.12-22.48.42:472][148]LogModuleManager: Shutting down and abandoning module TextureFormatPVR (129)
[2023.09.12-22.48.42:472][148]LogModuleManager: Shutting down and abandoning module TextureFormatDXT (127)
[2023.09.12-22.48.42:473][148]LogModuleManager: Shutting down and abandoning module TextureFormatIntelISPCTexComp (125)
[2023.09.12-22.48.42:473][148]LogModuleManager: Shutting down and abandoning module TextureFormatASTC (123)
[2023.09.12-22.48.42:474][148]LogModuleManager: Shutting down and abandoning module ImageWrapper (122)
[2023.09.12-22.48.42:474][148]LogModuleManager: Shutting down and abandoning module TextureFormatAndroid (119)
[2023.09.12-22.48.42:474][148]LogModuleManager: Shutting down and abandoning module AudioFormatOpus (117)
[2023.09.12-22.48.42:474][148]LogModuleManager: Shutting down and abandoning module AudioFormatOgg (115)
[2023.09.12-22.48.42:474][148]LogModuleManager: Shutting down and abandoning module AudioFormatADPCM (113)
[2023.09.12-22.48.42:474][148]LogModuleManager: Shutting down and abandoning module LinuxTargetPlatform (111)
[2023.09.12-22.48.42:474][148]LogModuleManager: Shutting down and abandoning module LinuxServerTargetPlatform (109)
[2023.09.12-22.48.42:474][148]LogModuleManager: Shutting down and abandoning module LinuxNoEditorTargetPlatform (107)
[2023.09.12-22.48.42:474][148]LogModuleManager: Shutting down and abandoning module LinuxClientTargetPlatform (105)
[2023.09.12-22.48.42:474][148]LogModuleManager: Shutting down and abandoning module TVOSTargetPlatform (103)
[2023.09.12-22.48.42:474][148]LogModuleManager: Shutting down and abandoning module Messaging (101)
[2023.09.12-22.48.42:474][148]LogModuleManager: Shutting down and abandoning module IOSTargetPlatform (99)
[2023.09.12-22.48.42:474][148]LogModuleManager: Shutting down and abandoning module HTML5TargetPlatform (97)
[2023.09.12-22.48.42:474][148]LogModuleManager: Shutting down and abandoning module Android_PVRTCTargetPlatform (95)
[2023.09.12-22.48.42:475][148]LogModuleManager: Shutting down and abandoning module Android_MultiTargetPlatform (93)
[2023.09.12-22.48.42:475][148]LogModuleManager: Shutting down and abandoning module Android_ETC2TargetPlatform (91)
[2023.09.12-22.48.42:475][148]LogModuleManager: Shutting down and abandoning module Android_ETC1TargetPlatform (89)
[2023.09.12-22.48.42:475][148]LogModuleManager: Shutting down and abandoning module Android_DXTTargetPlatform (87)
[2023.09.12-22.48.42:475][148]LogModuleManager: Shutting down and abandoning module Android_ATCTargetPlatform (85)
[2023.09.12-22.48.42:475][148]LogModuleManager: Shutting down and abandoning module Android_ASTCTargetPlatform (83)
[2023.09.12-22.48.42:475][148]LogModuleManager: Shutting down and abandoning module AndroidTargetPlatform (81)
[2023.09.12-22.48.42:475][148]LogModuleManager: Shutting down and abandoning module WindowsTargetPlatform (79)
[2023.09.12-22.48.42:475][148]LogModuleManager: Shutting down and abandoning module WindowsServerTargetPlatform (77)
[2023.09.12-22.48.42:475][148]LogModuleManager: Shutting down and abandoning module WindowsNoEditorTargetPlatform (75)
[2023.09.12-22.48.42:475][148]LogModuleManager: Shutting down and abandoning module WindowsClientTargetPlatform (73)
[2023.09.12-22.48.42:475][148]LogModuleManager: Shutting down and abandoning module MacTargetPlatform (71)
[2023.09.12-22.48.42:475][148]LogModuleManager: Shutting down and abandoning module MacServerTargetPlatform (69)
[2023.09.12-22.48.42:475][148]LogModuleManager: Shutting down and abandoning module MacNoEditorTargetPlatform (67)
[2023.09.12-22.48.42:475][148]LogModuleManager: Shutting down and abandoning module MacClientTargetPlatform (65)
[2023.09.12-22.48.42:475][148]LogModuleManager: Shutting down and abandoning module AllDesktopTargetPlatform (63)
[2023.09.12-22.48.42:475][148]LogModuleManager: Shutting down and abandoning module InputCore (60)
[2023.09.12-22.48.42:475][148]LogModuleManager: Shutting down and abandoning module Settings (58)
[2023.09.12-22.48.42:476][148]LogModuleManager: Shutting down and abandoning module PhysXCooking (56)
[2023.09.12-22.48.42:476][148]LogModuleManager: Shutting down and abandoning module SteamVR (54)
[2023.09.12-22.48.42:476][148]LogModuleManager: Shutting down and abandoning module OculusHMD (52)
[2023.09.12-22.48.42:476][148]LogModuleManager: Shutting down and abandoning module ExampleDeviceProfileSelector (50)
[2023.09.12-22.48.42:476][148]LogModuleManager: Shutting down and abandoning module OnlineBlueprintSupport (48)
[2023.09.12-22.48.42:476][148]LogModuleManager: Shutting down and abandoning module OnlineSubsystem (44)
[2023.09.12-22.48.42:476][148]LogOnline: Display: Unloading online subsystem: NULL
[2023.09.12-22.48.42:478][148]LogModuleManager: Shutting down and abandoning module XMPP (43)
[2023.09.12-22.48.42:479][148]LogModuleManager: Shutting down and abandoning module HTTP (41)
[2023.09.12-22.48.42:479][148]LogHttp: Display: Http module shutting down, but needs to wait on 1 outstanding Http requests:
[2023.09.12-22.48.42:480][148]LogHttp: Display: 	verb=[POST] url=[https://datarouter.ol.epicgames.com/datarouter/api/v1/public/data?SessionID=%7B8634662B-4509-A623-F826-BD9581390310%7D&AppID=UEEditor.Rocket.Release&AppVersion=4.17.2-3658906%2B%2B%2BUE4%2BRelease-4.17&UserID=0afbda6f4e8552169ff16f91e27110a4%7C81acbe19667c40eb95c52fef9617f834%7C7cf3e02c-cbbe-4d7f-a531-25aca5bb788f&AppEnvironment=datacollector-binary&UploadType=eteventstream] status=Processing
[2023.09.12-22.48.42:510][148]LogModuleManager: Shutting down and abandoning module SSL (40)
[2023.09.12-22.48.42:515][148]LogModuleManager: Shutting down and abandoning module AnimationModifiers (36)
[2023.09.12-22.48.42:516][148]LogModuleManager: Shutting down and abandoning module PropertyEditor (35)
[2023.09.12-22.48.42:516][148]LogModuleManager: Shutting down and abandoning module AudioEditor (32)
[2023.09.12-22.48.42:519][148]LogModuleManager: Shutting down and abandoning module TextureCompressor (30)
[2023.09.12-22.48.42:520][148]LogModuleManager: Shutting down and abandoning module ShaderCore (28)
[2023.09.12-22.48.42:520][148]LogModuleManager: Shutting down and abandoning module Landscape (26)
[2023.09.12-22.48.42:520][148]LogModuleManager: Shutting down and abandoning module SlateRHIRenderer (24)
[2023.09.12-22.48.42:535][148]LogModuleManager: Shutting down and abandoning module OpenGLDrv (22)
[2023.09.12-22.48.42:535][148]LogModuleManager: Shutting down and abandoning module D3D11RHI (20)
[2023.09.12-22.48.42:536][148]LogModuleManager: Shutting down and abandoning module AnimGraphRuntime (18)
[2023.09.12-22.48.42:536][148]LogModuleManager: Shutting down and abandoning module Renderer (16)
[2023.09.12-22.48.42:536][148]LogModuleManager: Shutting down and abandoning module Engine (14)
[2023.09.12-22.48.42:536][148]LogModuleManager: Shutting down and abandoning module CoreUObject (12)
[2023.09.12-22.48.42:536][148]LogModuleManager: Shutting down and abandoning module NetworkFile (10)
[2023.09.12-22.48.42:536][148]LogModuleManager: Shutting down and abandoning module CookedIterativeFile (8)
[2023.09.12-22.48.42:536][148]LogModuleManager: Shutting down and abandoning module StreamingFile (6)
[2023.09.12-22.48.42:537][148]LogModuleManager: Shutting down and abandoning module SandboxFile (4)
[2023.09.12-22.48.42:538][148]LogModuleManager: Shutting down and abandoning module PakFile (2)
[2023.09.12-22.48.42:556][148]LogExit: Exiting.
[2023.09.12-22.48.42:612][148]Log file closed, 09/12/23 15:48:42
